<?xml version="1.0" encoding="UTF-8"?>
<robot generator="Robot 5.0 (Python 3.10.4 on win32)" generated="20220512 09:59:27.824" rpa="false" schemaversion="3">
<suite id="s1" name="Verify Invalid Credential Suite" source="C:\Users\ACER\Desktop\LT6\Chumbak\1.4 login_suite\verify_invalid_credential_suite.robot">
<test id="s1-t1" name="TC1" line="11">
<kw name="Launch Browser" library="commonfunctionality" type="SETUP">
<kw name="Append To Environment Variable" library="OperatingSystem">
<arg>path</arg>
<arg>${EXECDIR}${/}driver</arg>
<doc>Appends given ``values`` to environment variable ``name``.</doc>
<msg timestamp="20220512 09:59:28.027" level="INFO">Environment variable 'path' set to value 'C:\Program Files\Common Files\Oracle\Java\javapath;C:\Windows\system32;C:\Windows;C:\Windows\System32\Wbem;C:\Windows\System32\WindowsPowerShell\v1.0\;C:\Windows\System32\OpenSSH\;C:\Program Files\NVIDIA Corporation\NVIDIA NvDLISR;C:\Program Files\nodejs\;C:\Program Files\Java\jdk-17\bin;C:\WINDOWS\system32;C:\WINDOWS;C:\WINDOWS\System32\Wbem;C:\WINDOWS\System32\WindowsPowerShell\v1.0\;C:\WINDOWS\System32\OpenSSH\;C:\MinGW\mingw32\bin;C:\Users\ACER\AppData\Local\Programs\Microsoft VS Code\MinGW\bin;C:\Program Files\Git\cmd;C:\Users\ACER\AppData\Local\Programs\Microsoft VS Code\mingw64\bin;C:\MinGW\bin;C:\Users\ACER\AppData\Local\Programs\Microsoft VS Code\mingw64\x86_64-w64-mingw32\bin;C:\msys64\mingw64\x86_64-w64-mingw32\bin;C:\MinGW\mingw32\bin;C:\Program Files\MySQL\MySQL Server 8.0\bin;C:\Program Files (x86)\GnuWin32\bin;D:\New folder\GnuWin32\bin;C:\Program Files\Python310\Scripts;C:\python\Scripts\;C:\python\;C:\Program Files\MySQL\MySQL Shell 8.0\bin\;C:\Program Files\Java\jdk-17\bin;C:\Users\ACER\AppData\Local\Programs\Microsoft VS Code\bin;C:\Users\ACER\AppData\Local\Microsoft\WindowsApps;C:\Users\kavit\AppData\Local\Programs\Python\Python310\Scripts;C:\Program Files\Cppcheck;;C:\Program Files\JetBrains\PyCharm Community Edition 2022.1\bin;;C:\Users\ACER\Desktop\LT6\Chumbak\driver'.</msg>
<status status="PASS" starttime="20220512 09:59:28.026" endtime="20220512 09:59:28.027"/>
</kw>
<kw name="Open Browser" library="SeleniumLibrary">
<arg>browser=${BROWSER}</arg>
<doc>Opens a new browser instance to the optional ``url``.</doc>
<msg timestamp="20220512 09:59:28.027" level="INFO">Opening browser 'chrome' to base url 'None'.</msg>
<status status="PASS" starttime="20220512 09:59:28.027" endtime="20220512 09:59:29.160"/>
</kw>
<kw name="Maximize Browser Window" library="SeleniumLibrary">
<doc>Maximizes current browser window.</doc>
<status status="PASS" starttime="20220512 09:59:29.160" endtime="20220512 09:59:29.284"/>
</kw>
<kw name="Set Selenium Implicit Wait" library="SeleniumLibrary">
<arg>30s</arg>
<doc>Sets the implicit wait value used by Selenium.</doc>
<status status="PASS" starttime="20220512 09:59:29.284" endtime="20220512 09:59:29.286"/>
</kw>
<kw name="Set Screenshot Directory" library="SeleniumLibrary">
<arg>${EXECDIR}${/}screenshots</arg>
<doc>Sets the directory for captured screenshots.</doc>
<status status="PASS" starttime="20220512 09:59:29.286" endtime="20220512 09:59:29.287"/>
</kw>
<kw name="Go To" library="SeleniumLibrary">
<arg>${URL}</arg>
<doc>Navigates the current browser window to the provided ``url``.</doc>
<msg timestamp="20220512 09:59:29.288" level="INFO">Opening url 'https://www.chumbak.com/'</msg>
<status status="PASS" starttime="20220512 09:59:29.287" endtime="20220512 10:00:30.991"/>
</kw>
<status status="PASS" starttime="20220512 09:59:28.026" endtime="20220512 10:00:30.991"/>
</kw>
<kw name="verify invalid credential">
<arg>prasanabalaji@gmail.com</arg>
<arg>123456@A</arg>
<kw name="Click Element" library="SeleniumLibrary">
<arg>id=user_6_</arg>
<doc>Click the element identified by ``locator``.</doc>
<msg timestamp="20220512 10:00:30.993" level="INFO">Clicking element 'id=user_6_'.</msg>
<status status="PASS" starttime="20220512 10:00:30.992" endtime="20220512 10:00:31.056"/>
</kw>
<kw name="Click Element" library="SeleniumLibrary">
<arg>link=Login</arg>
<doc>Click the element identified by ``locator``.</doc>
<msg timestamp="20220512 10:00:31.057" level="INFO">Clicking element 'link=Login'.</msg>
<status status="PASS" starttime="20220512 10:00:31.057" endtime="20220512 10:01:24.602"/>
</kw>
<kw name="Click Element" library="SeleniumLibrary">
<arg>name=customer[email]</arg>
<doc>Click the element identified by ``locator``.</doc>
<msg timestamp="20220512 10:01:24.603" level="INFO">Clicking element 'name=customer[email]'.</msg>
<status status="PASS" starttime="20220512 10:01:24.602" endtime="20220512 10:01:24.660"/>
</kw>
<kw name="Input Text" library="SeleniumLibrary">
<arg>xpath=//input[@name='customer[email]']</arg>
<arg>${email_id}</arg>
<doc>Types the given ``text`` into the text field identified by ``locator``.</doc>
<msg timestamp="20220512 10:01:24.660" level="INFO">Typing text 'prasanabalaji@gmail.com' into text field 'xpath=//input[@name='customer[email]']'.</msg>
<status status="PASS" starttime="20220512 10:01:24.660" endtime="20220512 10:01:24.765"/>
</kw>
<kw name="Input Password" library="SeleniumLibrary">
<arg>xpath=//input[@name='customer[password]']</arg>
<arg>${password}</arg>
<doc>Types the given password into the text field identified by ``locator``.</doc>
<msg timestamp="20220512 10:01:24.765" level="INFO">Typing password into text field 'xpath=//input[@name='customer[password]']'.</msg>
<msg timestamp="20220512 10:01:24.801" level="INFO">Temporally setting log level to: NONE</msg>
<msg timestamp="20220512 10:01:24.853" level="INFO">Log level changed from NONE to INFO.</msg>
<status status="PASS" starttime="20220512 10:01:24.765" endtime="20220512 10:01:24.853"/>
</kw>
<kw name="Click Element" library="SeleniumLibrary">
<arg>xpath=(//button[@type='submit'])[2]</arg>
<doc>Click the element identified by ``locator``.</doc>
<msg timestamp="20220512 10:01:24.854" level="INFO">Clicking element 'xpath=(//button[@type='submit'])[2]'.</msg>
<status status="PASS" starttime="20220512 10:01:24.854" endtime="20220512 10:01:41.002"/>
</kw>
<kw name="Element Text Should Be" library="SeleniumLibrary">
<arg>xpath=//p[@class="Form__Alert Alert Alert--error"]</arg>
<arg>Incorrect email or password.</arg>
<doc>Verifies that element ``locator`` contains exact the text ``expected``.</doc>
<msg timestamp="20220512 10:01:41.003" level="INFO">Verifying element 'xpath=//p[@class="Form__Alert Alert Alert--error"]' contains exact text 'Incorrect email or password.'.</msg>
<status status="PASS" starttime="20220512 10:01:41.003" endtime="20220512 10:01:41.036"/>
</kw>
<status status="PASS" starttime="20220512 10:00:30.992" endtime="20220512 10:01:41.036"/>
</kw>
<status status="PASS" starttime="20220512 09:59:28.025" endtime="20220512 10:01:41.036"/>
</test>
<doc>This suite will handle invalid credentail</doc>
<status status="PASS" starttime="20220512 09:59:27.825" endtime="20220512 10:01:41.037"/>
</suite>
<statistics>
<total>
<stat pass="1" fail="0" skip="0">All Tests</stat>
</total>
<tag>
</tag>
<suite>
<stat pass="1" fail="0" skip="0" id="s1" name="Verify Invalid Credential Suite">Verify Invalid Credential Suite</stat>
</suite>
</statistics>
<errors>
</errors>
</robot>
